  Blackjack.cpp
c:\users\expertpl\source\repos\blackjack\blackjack\deck.cpp(110): warning C4018: '<': signed/unsigned mismatch
c:\users\expertpl\source\repos\blackjack\blackjack\hand.cpp(39): warning C4018: '<': signed/unsigned mismatch
c:\users\expertpl\source\repos\blackjack\blackjack\blackjack.cpp(28): warning C4244: 'argument': conversion from 'time_t' to 'unsigned int', possible loss of data
c:\users\expertpl\source\repos\blackjack\blackjack\blackjack.cpp(66): warning C4305: 'argument': truncation from 'double' to 'T'
          with
          [
              T=float
          ]
c:\users\expertpl\source\repos\blackjack\blackjack\blackjack.cpp(75): warning C4305: 'initializing': truncation from 'double' to 'float'
c:\users\expertpl\source\repos\blackjack\blackjack\blackjack.cpp(79): warning C4305: 'argument': truncation from 'double' to 'T'
          with
          [
              T=float
          ]
c:\users\expertpl\source\repos\blackjack\blackjack\blackjack.cpp(135): warning C4244: 'argument': conversion from 'double' to 'float', possible loss of data
c:\users\expertpl\source\repos\blackjack\blackjack\blackjack.cpp(148): warning C4244: 'argument': conversion from 'double' to 'float', possible loss of data
c:\users\expertpl\source\repos\blackjack\blackjack\blackjack.cpp(180): warning C4244: 'argument': conversion from 'double' to 'float', possible loss of data
c:\users\expertpl\source\repos\blackjack\blackjack\blackjack.cpp(470): warning C4244: 'argument': conversion from 'double' to 'float', possible loss of data
c:\users\expertpl\source\repos\blackjack\blackjack\blackjack.cpp(474): warning C4244: '=': conversion from 'double' to 'float', possible loss of data
c:\users\expertpl\source\repos\blackjack\blackjack\blackjack.cpp(483): warning C4244: 'argument': conversion from 'double' to 'float', possible loss of data
c:\users\expertpl\source\repos\blackjack\blackjack\blackjack.cpp(487): warning C4244: '=': conversion from 'double' to 'float', possible loss of data
c:\users\expertpl\source\repos\blackjack\blackjack\blackjack.cpp(496): warning C4244: 'argument': conversion from 'double' to 'float', possible loss of data
c:\users\expertpl\source\repos\blackjack\blackjack\blackjack.cpp(504): warning C4244: 'argument': conversion from 'double' to 'float', possible loss of data
c:\users\expertpl\source\repos\blackjack\blackjack\blackjack.cpp(508): warning C4244: '=': conversion from 'double' to 'float', possible loss of data
c:\users\expertpl\source\repos\blackjack\blackjack\blackjack.cpp(515): warning C4018: '<': signed/unsigned mismatch
c:\users\expertpl\source\repos\blackjack\blackjack\blackjack.cpp(520): warning C4018: '<': signed/unsigned mismatch
c:\users\expertpl\source\repos\blackjack\blackjack\deck.cpp(94): warning C4715: 'Deck::DrawCard': not all control paths return a value
  Blackjack.vcxproj -> C:\Users\ExpertPL\source\repos\Blackjack\Debug\Blackjack.exe
